INFO:utils.logger:risk_agent started
INFO:utils.logger:risk_score: 95
INFO:utils.logger:inventory_days: 10
INFO:utils.logger:risk_score: 0
INFO:utils.logger:Retrieval Agent Started
INFO:utils.logger:query: Get SEVERITY CLASSIFICATION and RISK ASSESSMENT methodology from the knowledge base in json format
INFO:utils.logger:Query: Get SEVERITY CLASSIFICATION and RISK ASSESSMENT methodology from the knowledge base in json format
INFO:httpx:HTTP Request: POST http://127.0.0.1:11434/api/embed "HTTP/1.1 200 OK"
INFO:utils.logger:Retrieved 1 chunks
INFO:utils.logger:Retrieved chunks: [Document(id='895092ef-06fe-44b3-a7c0-d578560c1471', metadata={'section': '3. SEVERITY CLASSIFICATION', 'source': 'logistics_disruption_management_v2.pdf'}, page_content='Logistics   tracking   systems   dynamically   calculate   disruption   tiers   based   on   actual   or   projected   delays\n\ncompared   against   baseline   Estimated   Time   of   Arrival   (ETA)   windows.   Actions   escalate   according   to   the\n\nfollowing thresholds:\n\nCONFIDENTIAL - GLOBAL LOGISTICS OPERATIONS\n\nPage 1 of 4\n\nDoc ID: SOP-LOG-073 | Rev 3.0\n\nSEVERITY TIER\n\nDELAY HORIZON\n\nOPERATIONAL MANAGEMENT STANCE\n\nLOW\n\nDelay < 24 Hours\n\nStandard automated milestone tracking. Minor shift in\nlocal delivery windows with minimal downstream\ndisruption.\n\nMEDIUM\n\nDelay 1 – 3 Days\n\nActive exception logging. Notify regional distribution\nyards to dynamically shuffle local labor scheduling.\n\nHIGH\n\nDelay 3 – 7 Days\n\nCRITICAL\n\nDelay > 7 Days\n\nMandatory material cross-check. Formally evaluate\nsafety buffer erosion and prepare fallback delivery\nplans.\n\nImmediate corporate notification. Initiate emergency\nmulti-modal freight substitutions and notify executive\nstakeholders.')]
INFO:utils.logger:Retrieved 1 characters from knowledge base
INFO:utils.logger:[Document(id='895092ef-06fe-44b3-a7c0-d578560c1471', metadata={'section': '3. SEVERITY CLASSIFICATION', 'source': 'logistics_disruption_management_v2.pdf'}, page_content='Logistics   tracking   systems   dynamically   calculate   disruption   tiers   based   on   actual   or   projected   delays\n\ncompared   against   baseline   Estimated   Time   of   Arrival   (ETA)   windows.   Actions   escalate   according   to   the\n\nfollowing thresholds:\n\nCONFIDENTIAL - GLOBAL LOGISTICS OPERATIONS\n\nPage 1 of 4\n\nDoc ID: SOP-LOG-073 | Rev 3.0\n\nSEVERITY TIER\n\nDELAY HORIZON\n\nOPERATIONAL MANAGEMENT STANCE\n\nLOW\n\nDelay < 24 Hours\n\nStandard automated milestone tracking. Minor shift in\nlocal delivery windows with minimal downstream\ndisruption.\n\nMEDIUM\n\nDelay 1 – 3 Days\n\nActive exception logging. Notify regional distribution\nyards to dynamically shuffle local labor scheduling.\n\nHIGH\n\nDelay 3 – 7 Days\n\nCRITICAL\n\nDelay > 7 Days\n\nMandatory material cross-check. Formally evaluate\nsafety buffer erosion and prepare fallback delivery\nplans.\n\nImmediate corporate notification. Initiate emergency\nmulti-modal freight substitutions and notify executive\nstakeholders.')]
INFO:httpx:HTTP Request: POST http://127.0.0.1:11434/api/chat "HTTP/1.1 200 OK"
INFO:utils.logger:risk_agent started
INFO:utils.logger:risk_score: 95
INFO:utils.logger:inventory_days: 10
INFO:utils.logger:risk_score: 0
INFO:utils.logger:Retrieval Agent Started
INFO:utils.logger:query: Get SEVERITY CLASSIFICATION and RISK ASSESSMENT methodology from the knowledge base in json format
INFO:utils.logger:Query: Get SEVERITY CLASSIFICATION and RISK ASSESSMENT methodology from the knowledge base in json format
INFO:httpx:HTTP Request: POST http://127.0.0.1:11434/api/embed "HTTP/1.1 200 OK"
INFO:utils.logger:Retrieved 1 chunks
INFO:utils.logger:Retrieved chunks: [Document(id='895092ef-06fe-44b3-a7c0-d578560c1471', metadata={'section': '3. SEVERITY CLASSIFICATION', 'source': 'logistics_disruption_management_v2.pdf'}, page_content='Logistics   tracking   systems   dynamically   calculate   disruption   tiers   based   on   actual   or   projected   delays\n\ncompared   against   baseline   Estimated   Time   of   Arrival   (ETA)   windows.   Actions   escalate   according   to   the\n\nfollowing thresholds:\n\nCONFIDENTIAL - GLOBAL LOGISTICS OPERATIONS\n\nPage 1 of 4\n\nDoc ID: SOP-LOG-073 | Rev 3.0\n\nSEVERITY TIER\n\nDELAY HORIZON\n\nOPERATIONAL MANAGEMENT STANCE\n\nLOW\n\nDelay < 24 Hours\n\nStandard automated milestone tracking. Minor shift in\nlocal delivery windows with minimal downstream\ndisruption.\n\nMEDIUM\n\nDelay 1 – 3 Days\n\nActive exception logging. Notify regional distribution\nyards to dynamically shuffle local labor scheduling.\n\nHIGH\n\nDelay 3 – 7 Days\n\nCRITICAL\n\nDelay > 7 Days\n\nMandatory material cross-check. Formally evaluate\nsafety buffer erosion and prepare fallback delivery\nplans.\n\nImmediate corporate notification. Initiate emergency\nmulti-modal freight substitutions and notify executive\nstakeholders.')]
INFO:utils.logger:Retrieved 1 characters from knowledge base
INFO:utils.logger:[Document(id='895092ef-06fe-44b3-a7c0-d578560c1471', metadata={'section': '3. SEVERITY CLASSIFICATION', 'source': 'logistics_disruption_management_v2.pdf'}, page_content='Logistics   tracking   systems   dynamically   calculate   disruption   tiers   based   on   actual   or   projected   delays\n\ncompared   against   baseline   Estimated   Time   of   Arrival   (ETA)   windows.   Actions   escalate   according   to   the\n\nfollowing thresholds:\n\nCONFIDENTIAL - GLOBAL LOGISTICS OPERATIONS\n\nPage 1 of 4\n\nDoc ID: SOP-LOG-073 | Rev 3.0\n\nSEVERITY TIER\n\nDELAY HORIZON\n\nOPERATIONAL MANAGEMENT STANCE\n\nLOW\n\nDelay < 24 Hours\n\nStandard automated milestone tracking. Minor shift in\nlocal delivery windows with minimal downstream\ndisruption.\n\nMEDIUM\n\nDelay 1 – 3 Days\n\nActive exception logging. Notify regional distribution\nyards to dynamically shuffle local labor scheduling.\n\nHIGH\n\nDelay 3 – 7 Days\n\nCRITICAL\n\nDelay > 7 Days\n\nMandatory material cross-check. Formally evaluate\nsafety buffer erosion and prepare fallback delivery\nplans.\n\nImmediate corporate notification. Initiate emergency\nmulti-modal freight substitutions and notify executive\nstakeholders.')]
INFO:httpx:HTTP Request: POST http://127.0.0.1:11434/api/chat "HTTP/1.1 200 OK"
